<?xml version="1.0" encoding="UTF-8"?>
<robot generator="Robot 7.3.2 (Python 3.13.5 on win32)" generated="2025-12-04T12:19:46.560161" rpa="false" schemaversion="5">
<suite id="s1" name="Test" source="c:\Users\azam0125\KBTU\Software Testing\Assignment 2\test-cases\test.robot">
<kw name="Open Tests Browser" owner="resources" type="SETUP">
<kw name="Open Browser" owner="SeleniumLibrary">
<msg time="2025-12-04T12:19:47.053787" level="INFO">Opening browser 'firefox' to base url 'https://www.demoblaze.com/' through remote server at 'http://altairkabdrakhma_KgnCDQ:8urbCcNBt7qTMFDJqzkf@hub.browserstack.com/wd/hub'.</msg>
<msg time="2025-12-04T12:20:01.839682" level="INFO">C:\Users\azam0125\AppData\Roaming\Python\Python313\site-packages\selenium\webdriver\remote\remote_connection.py:419: UserWarning: Embedding username and password in URL could be insecure, use ClientConfig instead
  headers = self.get_remote_connection_headers(parsed_url, self._client_config.keep_alive)</msg>
<arg>${baseUrl}</arg>
<arg>remote_url=${browserstack_url}</arg>
<doc>Opens a new browser instance to the optional ``url``.</doc>
<status status="PASS" start="2025-12-04T12:19:47.053525" elapsed="14.786648"/>
</kw>
<kw name="Maximize Browser Window" owner="SeleniumLibrary">
<doc>Maximizes current browser window.</doc>
<status status="PASS" start="2025-12-04T12:20:01.840515" elapsed="0.522809"/>
</kw>
<status status="PASS" start="2025-12-04T12:19:47.052038" elapsed="15.311615"/>
</kw>
<test id="s1-t1" name="USER_SIGNUP_TEST" line="7">
<kw name="Sign Up" owner="resources">
<kw name="Evaluate" owner="BuiltIn">
<msg time="2025-12-04T12:20:02.365621" level="INFO">${timestamp} = 1764832802365</msg>
<var>${timestamp}</var>
<arg>int(__import__('time').time() * 1000)</arg>
<doc>Evaluates the given expression in Python and returns the result.</doc>
<status status="PASS" start="2025-12-04T12:20:02.365248" elapsed="0.000506"/>
</kw>
<kw name="Set Variable" owner="BuiltIn">
<msg time="2025-12-04T12:20:02.366241" level="INFO">${login} = azat.amen@test.mail_1764832802365</msg>
<var>${login}</var>
<arg>${user_login_value}_${timestamp}</arg>
<doc>Returns the given values which can then be assigned to a variables.</doc>
<status status="PASS" start="2025-12-04T12:20:02.365953" elapsed="0.000400"/>
</kw>
<kw name="Set Suite Variable" owner="BuiltIn">
<msg time="2025-12-04T12:20:02.366755" level="INFO">${login} = azat.amen@test.mail_1764832802365</msg>
<arg>${login}</arg>
<doc>Makes a variable available everywhere within the scope of the current suite.</doc>
<status status="PASS" start="2025-12-04T12:20:02.366559" elapsed="0.000313"/>
</kw>
<kw name="Wait Until Page Contains Element" owner="SeleniumLibrary">
<arg>${sign_up_button}</arg>
<arg>timeout=20</arg>
<arg>error=sign_up_button not found</arg>
<doc>Waits until the element ``locator`` appears on the current page.</doc>
<status status="PASS" start="2025-12-04T12:20:02.366969" elapsed="0.203512"/>
</kw>
<kw name="Click Element" owner="SeleniumLibrary">
<msg time="2025-12-04T12:20:02.571162" level="INFO">Clicking element '//*[@id="signin2"]'.</msg>
<arg>${sign_up_button}</arg>
<doc>Click the element identified by ``locator``.</doc>
<status status="PASS" start="2025-12-04T12:20:02.570802" elapsed="0.498420"/>
</kw>
<kw name="Wait Until Page Contains Element" owner="SeleniumLibrary">
<arg>${sign_up_username_field}</arg>
<arg>timeout=20</arg>
<arg>error=sign_up_username_field not found</arg>
<doc>Waits until the element ``locator`` appears on the current page.</doc>
<status status="PASS" start="2025-12-04T12:20:03.069912" elapsed="0.145478"/>
</kw>
<kw name="Sleep" owner="BuiltIn">
<msg time="2025-12-04T12:20:04.216168" level="INFO">Slept 1 second.</msg>
<arg>1s</arg>
<doc>Pauses the test executed for the given time.</doc>
<status status="PASS" start="2025-12-04T12:20:03.215636" elapsed="1.000879"/>
</kw>
<kw name="Input Text" owner="SeleniumLibrary">
<msg time="2025-12-04T12:20:04.217143" level="INFO">Typing text 'azat.amen@test.mail_1764832802365' into text field '//*[@id="sign-username"]'.</msg>
<arg>${sign_up_username_field}</arg>
<arg>${login}</arg>
<doc>Types the given ``text`` into the text field identified by ``locator``.</doc>
<status status="PASS" start="2025-12-04T12:20:04.216775" elapsed="0.597019"/>
</kw>
<kw name="Input Password" owner="SeleniumLibrary">
<msg time="2025-12-04T12:20:04.814381" level="INFO">Typing password into text field '//*[@id="sign-password"]'.</msg>
<msg time="2025-12-04T12:20:05.082014" level="INFO">Temporally setting log level to: NONE</msg>
<arg>${sign_up_password_field}</arg>
<arg>${user_password_value}</arg>
<doc>Types the given password into the text field identified by ``locator``.</doc>
<status status="PASS" start="2025-12-04T12:20:04.814069" elapsed="0.419615"/>
</kw>
<kw name="Click Element" owner="SeleniumLibrary">
<msg time="2025-12-04T12:20:05.234104" level="INFO">Clicking element '//*[@id="signInModal"]/div/div/div[3]/button[2]'.</msg>
<arg>${sign_up_form_button}</arg>
<doc>Click the element identified by ``locator``.</doc>
<status status="PASS" start="2025-12-04T12:20:05.233887" elapsed="0.504097"/>
</kw>
<kw name="Sleep" owner="BuiltIn">
<msg time="2025-12-04T12:20:07.739004" level="INFO">Slept 2 seconds.</msg>
<arg>2s</arg>
<doc>Pauses the test executed for the given time.</doc>
<status status="PASS" start="2025-12-04T12:20:05.738326" elapsed="2.001083"/>
</kw>
<status status="PASS" start="2025-12-04T12:20:02.364860" elapsed="5.374748"/>
</kw>
<status status="PASS" start="2025-12-04T12:20:02.363822" elapsed="5.376797"/>
</test>
<kw name="Close Test Browsers" owner="resources" type="TEARDOWN">
<kw name="Close All Browsers" owner="SeleniumLibrary">
<doc>Closes all open browsers and resets the browser cache.</doc>
<status status="PASS" start="2025-12-04T12:20:07.742538" elapsed="1.165984"/>
</kw>
<status status="PASS" start="2025-12-04T12:20:07.742196" elapsed="1.166537"/>
</kw>
<status status="PASS" start="2025-12-04T12:19:46.568872" elapsed="22.339928"/>
</suite>
<statistics>
<total>
<stat pass="1" fail="0" skip="0">All Tests</stat>
</total>
<tag>
</tag>
<suite>
<stat name="Test" id="s1" pass="1" fail="0" skip="0">Test</stat>
</suite>
</statistics>
<errors>
</errors>
</robot>
